This is pdfTeX, Version 3.1415926-2.5-1.40.14 (TeX Live 2013) (format=pdflatex 2014.3.25)  22 MAR 2015 16:42
entering extended mode
 restricted \write18 enabled.
 file:line:error style messages enabled.
 %&-line parsing enabled.
**poster_portrait.tex
(./poster_portrait.tex
LaTeX2e <2011/06/27>
Babel <3.9f> and hyphenation patterns for 78 languages loaded.
(./baposter.cls
Document Class: baposter 2011/11/26 v2.0 baposter class
(/usr/local/texlive/2013/texmf-dist/tex/latex/base/article.cls
Document Class: article 2007/10/19 v1.4h Standard LaTeX document class
(/usr/local/texlive/2013/texmf-dist/tex/latex/base/size10.clo
File: size10.clo 2007/10/19 v1.4h Standard LaTeX file (size option)
)
\c@part=\count79
\c@section=\count80
\c@subsection=\count81
\c@subsubsection=\count82
\c@paragraph=\count83
\c@subparagraph=\count84
\c@figure=\count85
\c@table=\count86
\abovecaptionskip=\skip41
\belowcaptionskip=\skip42
\bibindent=\dimen102
)
baposter: Brian Amberg, 2007, 2008, 2009, 2010, 2011 | http://www.brian-amberg.
de/uni/poster/
baposter: Reinhold Kainhofer, 2011 | http://reinhold.kainhofer.com/
\baposter@basepaperwidth=\skip43
\baposter@basepaperheight=\skip44
\baposter@basemargin=\skip45
\baposter@finalpaperwidth=\skip46
\baposter@finalpaperheight=\skip47
\baposter@finalmargin=\skip48
\headerheight=\skip49
\colwidth=\skip50
\colheight=\skip51
\baposter@@colspacing=\skip52
\baposter@box@@cornerradius=\skip53
\baposter@box@@boxheaderheight=\skip54
\baposter@box@@boxpadding=\skip55
\boxstartx=\skip56
\boxstarty=\skip57
\boxwidth=\skip58
\boxheight=\skip59
\baposter@titleimage@left@width=\skip60
\baposter@titleimage@right@width=\skip61
\baposter@titleimage@textwidth=\skip62
\baposter@box@content=\box26
\baposter@titleimage@left=\box27
\baposter@titleimage@title=\box28
\baposter@titleimage@right=\box29
Use Packages
(/usr/local/texlive/2013/texmf-dist/tex/latex/xkeyval/xkeyval.sty
Package: xkeyval 2012/10/14 v2.6b package option processing (HA)

(/usr/local/texlive/2013/texmf-dist/tex/generic/xkeyval/xkeyval.tex
\XKV@toks=\toks14
\XKV@tempa@toks=\toks15
\XKV@depth=\count87
File: xkeyval.tex 2012/10/14 v2.6b key=value parser (HA)

(/usr/local/texlive/2013/texmf-dist/tex/generic/xkeyval/keyval.tex)))
(/usr/local/texlive/2013/texmf-dist/tex/latex/tools/calc.sty
Package: calc 2007/08/22 v4.3 Infix arithmetic (KKT,FJ)
\calc@Acount=\count88
\calc@Bcount=\count89
\calc@Adimen=\dimen103
\calc@Bdimen=\dimen104
\calc@Askip=\skip63
\calc@Bskip=\skip64
LaTeX Info: Redefining \setlength on input line 76.
LaTeX Info: Redefining \addtolength on input line 77.
\calc@Ccount=\count90
\calc@Cskip=\skip65
)
(/usr/local/texlive/2013/texmf-dist/tex/latex/xcolor/xcolor.sty
Package: xcolor 2007/01/21 v2.11 LaTeX color extensions (UK)

(/usr/local/texlive/2013/texmf-dist/tex/latex/latexconfig/color.cfg
File: color.cfg 2007/01/18 v1.5 color configuration of teTeX/TeXLive
)
Package xcolor Info: Driver file: pdftex.def on input line 225.

(/usr/local/texlive/2013/texmf-dist/tex/latex/pdftex-def/pdftex.def
File: pdftex.def 2011/05/27 v0.06d Graphics/color for pdfTeX

(/usr/local/texlive/2013/texmf-dist/tex/generic/oberdiek/infwarerr.sty
Package: infwarerr 2010/04/08 v1.3 Providing info/warning/error messages (HO)
)
(/usr/local/texlive/2013/texmf-dist/tex/generic/oberdiek/ltxcmds.sty
Package: ltxcmds 2011/11/09 v1.22 LaTeX kernel commands for general use (HO)
)
\Gread@gobject=\count91
)
Package xcolor Info: Model `cmy' substituted by `cmy0' on input line 1337.
Package xcolor Info: Model `hsb' substituted by `rgb' on input line 1341.
Package xcolor Info: Model `RGB' extended on input line 1353.
Package xcolor Info: Model `HTML' substituted by `rgb' on input line 1355.
Package xcolor Info: Model `Hsb' substituted by `hsb' on input line 1356.
Package xcolor Info: Model `tHsb' substituted by `hsb' on input line 1357.
Package xcolor Info: Model `HSB' substituted by `hsb' on input line 1358.
Package xcolor Info: Model `Gray' substituted by `gray' on input line 1359.
Package xcolor Info: Model `wave' substituted by `hsb' on input line 1360.
)
(/usr/local/texlive/2013/texmf-dist/tex/latex/pgf/frontendlayer/tikz.sty
(/usr/local/texlive/2013/texmf-dist/tex/latex/pgf/basiclayer/pgf.sty
(/usr/local/texlive/2013/texmf-dist/tex/latex/pgf/utilities/pgfrcs.sty
(/usr/local/texlive/2013/texmf-dist/tex/generic/pgf/utilities/pgfutil-common.te
x
\pgfutil@everybye=\toks16
)
(/usr/local/texlive/2013/texmf-dist/tex/generic/pgf/utilities/pgfutil-latex.def
\pgfutil@abb=\box30
(/usr/local/texlive/2013/texmf-dist/tex/latex/ms/everyshi.sty
Package: everyshi 2001/05/15 v3.00 EveryShipout Package (MS)
))
(/usr/local/texlive/2013/texmf-dist/tex/generic/pgf/utilities/pgfrcs.code.tex
Package: pgfrcs 2010/10/25 v2.10 (rcs-revision 1.24)
))
Package: pgf 2008/01/15 v2.10 (rcs-revision 1.12)
(/usr/local/texlive/2013/texmf-dist/tex/latex/pgf/basiclayer/pgfcore.sty
(/usr/local/texlive/2013/texmf-dist/tex/latex/graphics/graphicx.sty
Package: graphicx 1999/02/16 v1.0f Enhanced LaTeX Graphics (DPC,SPQR)

(/usr/local/texlive/2013/texmf-dist/tex/latex/graphics/graphics.sty
Package: graphics 2009/02/05 v1.0o Standard LaTeX Graphics (DPC,SPQR)

(/usr/local/texlive/2013/texmf-dist/tex/latex/graphics/trig.sty
Package: trig 1999/03/16 v1.09 sin cos tan (DPC)
)
(/usr/local/texlive/2013/texmf-dist/tex/latex/latexconfig/graphics.cfg
File: graphics.cfg 2010/04/23 v1.9 graphics configuration of TeX Live
)
Package graphics Info: Driver file: pdftex.def on input line 91.
)
\Gin@req@height=\dimen105
\Gin@req@width=\dimen106
)
(/usr/local/texlive/2013/texmf-dist/tex/latex/pgf/systemlayer/pgfsys.sty
(/usr/local/texlive/2013/texmf-dist/tex/generic/pgf/systemlayer/pgfsys.code.tex
Package: pgfsys 2010/06/30 v2.10 (rcs-revision 1.37)
(/usr/local/texlive/2013/texmf-dist/tex/generic/pgf/utilities/pgfkeys.code.tex
\pgfkeys@pathtoks=\toks17
\pgfkeys@temptoks=\toks18

(/usr/local/texlive/2013/texmf-dist/tex/generic/pgf/utilities/pgfkeysfiltered.c
ode.tex
\pgfkeys@tmptoks=\toks19
))
\pgf@x=\dimen107
\pgf@y=\dimen108
\pgf@xa=\dimen109
\pgf@ya=\dimen110
\pgf@xb=\dimen111
\pgf@yb=\dimen112
\pgf@xc=\dimen113
\pgf@yc=\dimen114
\w@pgf@writea=\write3
\r@pgf@reada=\read1
\c@pgf@counta=\count92
\c@pgf@countb=\count93
\c@pgf@countc=\count94
\c@pgf@countd=\count95

(/usr/local/texlive/2013/texmf-dist/tex/generic/pgf/systemlayer/pgf.cfg
File: pgf.cfg 2008/05/14  (rcs-revision 1.7)
)
Package pgfsys Info: Driver file for pgf: pgfsys-pdftex.def on input line 900.

(/usr/local/texlive/2013/texmf-dist/tex/generic/pgf/systemlayer/pgfsys-pdftex.d
ef
File: pgfsys-pdftex.def 2009/05/22  (rcs-revision 1.26)

(/usr/local/texlive/2013/texmf-dist/tex/generic/pgf/systemlayer/pgfsys-common-p
df.def
File: pgfsys-common-pdf.def 2008/05/19  (rcs-revision 1.10)
)))
(/usr/local/texlive/2013/texmf-dist/tex/generic/pgf/systemlayer/pgfsyssoftpath.
code.tex
File: pgfsyssoftpath.code.tex 2008/07/18  (rcs-revision 1.7)
\pgfsyssoftpath@smallbuffer@items=\count96
\pgfsyssoftpath@bigbuffer@items=\count97
)
(/usr/local/texlive/2013/texmf-dist/tex/generic/pgf/systemlayer/pgfsysprotocol.
code.tex
File: pgfsysprotocol.code.tex 2006/10/16  (rcs-revision 1.4)
))
(/usr/local/texlive/2013/texmf-dist/tex/generic/pgf/basiclayer/pgfcore.code.tex
Package: pgfcore 2010/04/11 v2.10 (rcs-revision 1.7)
(/usr/local/texlive/2013/texmf-dist/tex/generic/pgf/math/pgfmath.code.tex
(/usr/local/texlive/2013/texmf-dist/tex/generic/pgf/math/pgfmathcalc.code.tex
(/usr/local/texlive/2013/texmf-dist/tex/generic/pgf/math/pgfmathutil.code.tex)
(/usr/local/texlive/2013/texmf-dist/tex/generic/pgf/math/pgfmathparser.code.tex
\pgfmath@dimen=\dimen115
\pgfmath@count=\count98
\pgfmath@box=\box31
\pgfmath@toks=\toks20
\pgfmath@stack@operand=\toks21
\pgfmath@stack@operation=\toks22
)
(/usr/local/texlive/2013/texmf-dist/tex/generic/pgf/math/pgfmathfunctions.code.
tex
(/usr/local/texlive/2013/texmf-dist/tex/generic/pgf/math/pgfmathfunctions.basic
.code.tex)
(/usr/local/texlive/2013/texmf-dist/tex/generic/pgf/math/pgfmathfunctions.trigo
nometric.code.tex)
(/usr/local/texlive/2013/texmf-dist/tex/generic/pgf/math/pgfmathfunctions.rando
m.code.tex)
(/usr/local/texlive/2013/texmf-dist/tex/generic/pgf/math/pgfmathfunctions.compa
rison.code.tex)
(/usr/local/texlive/2013/texmf-dist/tex/generic/pgf/math/pgfmathfunctions.base.
code.tex)
(/usr/local/texlive/2013/texmf-dist/tex/generic/pgf/math/pgfmathfunctions.round
.code.tex)
(/usr/local/texlive/2013/texmf-dist/tex/generic/pgf/math/pgfmathfunctions.misc.
code.tex)))
(/usr/local/texlive/2013/texmf-dist/tex/generic/pgf/math/pgfmathfloat.code.tex
\c@pgfmathroundto@lastzeros=\count99
))
(/usr/local/texlive/2013/texmf-dist/tex/generic/pgf/basiclayer/pgfcorepoints.co
de.tex
File: pgfcorepoints.code.tex 2010/04/09  (rcs-revision 1.20)
\pgf@picminx=\dimen116
\pgf@picmaxx=\dimen117
\pgf@picminy=\dimen118
\pgf@picmaxy=\dimen119
\pgf@pathminx=\dimen120
\pgf@pathmaxx=\dimen121
\pgf@pathminy=\dimen122
\pgf@pathmaxy=\dimen123
\pgf@xx=\dimen124
\pgf@xy=\dimen125
\pgf@yx=\dimen126
\pgf@yy=\dimen127
\pgf@zx=\dimen128
\pgf@zy=\dimen129
)
(/usr/local/texlive/2013/texmf-dist/tex/generic/pgf/basiclayer/pgfcorepathconst
ruct.code.tex
File: pgfcorepathconstruct.code.tex 2010/08/03  (rcs-revision 1.24)
\pgf@path@lastx=\dimen130
\pgf@path@lasty=\dimen131
)
(/usr/local/texlive/2013/texmf-dist/tex/generic/pgf/basiclayer/pgfcorepathusage
.code.tex
File: pgfcorepathusage.code.tex 2008/04/22  (rcs-revision 1.12)
\pgf@shorten@end@additional=\dimen132
\pgf@shorten@start@additional=\dimen133
)
(/usr/local/texlive/2013/texmf-dist/tex/generic/pgf/basiclayer/pgfcorescopes.co
de.tex
File: pgfcorescopes.code.tex 2010/09/08  (rcs-revision 1.34)
\pgfpic=\box32
\pgf@hbox=\box33
\pgf@layerbox@main=\box34
\pgf@picture@serial@count=\count100
)
(/usr/local/texlive/2013/texmf-dist/tex/generic/pgf/basiclayer/pgfcoregraphicst
ate.code.tex
File: pgfcoregraphicstate.code.tex 2008/04/22  (rcs-revision 1.9)
\pgflinewidth=\dimen134
)
(/usr/local/texlive/2013/texmf-dist/tex/generic/pgf/basiclayer/pgfcoretransform
ations.code.tex
File: pgfcoretransformations.code.tex 2009/06/10  (rcs-revision 1.11)
\pgf@pt@x=\dimen135
\pgf@pt@y=\dimen136
\pgf@pt@temp=\dimen137
)
(/usr/local/texlive/2013/texmf-dist/tex/generic/pgf/basiclayer/pgfcorequick.cod
e.tex
File: pgfcorequick.code.tex 2008/10/09  (rcs-revision 1.3)
)
(/usr/local/texlive/2013/texmf-dist/tex/generic/pgf/basiclayer/pgfcoreobjects.c
ode.tex
File: pgfcoreobjects.code.tex 2006/10/11  (rcs-revision 1.2)
)
(/usr/local/texlive/2013/texmf-dist/tex/generic/pgf/basiclayer/pgfcorepathproce
ssing.code.tex
File: pgfcorepathprocessing.code.tex 2008/10/09  (rcs-revision 1.8)
)
(/usr/local/texlive/2013/texmf-dist/tex/generic/pgf/basiclayer/pgfcorearrows.co
de.tex
File: pgfcorearrows.code.tex 2008/04/23  (rcs-revision 1.11)
)
(/usr/local/texlive/2013/texmf-dist/tex/generic/pgf/basiclayer/pgfcoreshade.cod
e.tex
File: pgfcoreshade.code.tex 2008/11/23  (rcs-revision 1.13)
\pgf@max=\dimen138
\pgf@sys@shading@range@num=\count101
)
(/usr/local/texlive/2013/texmf-dist/tex/generic/pgf/basiclayer/pgfcoreimage.cod
e.tex
File: pgfcoreimage.code.tex 2010/03/25  (rcs-revision 1.16)

(/usr/local/texlive/2013/texmf-dist/tex/generic/pgf/basiclayer/pgfcoreexternal.
code.tex
File: pgfcoreexternal.code.tex 2010/09/01  (rcs-revision 1.17)
\pgfexternal@startupbox=\box35
))
(/usr/local/texlive/2013/texmf-dist/tex/generic/pgf/basiclayer/pgfcorelayers.co
de.tex
File: pgfcorelayers.code.tex 2010/08/27  (rcs-revision 1.2)
)
(/usr/local/texlive/2013/texmf-dist/tex/generic/pgf/basiclayer/pgfcoretranspare
ncy.code.tex
File: pgfcoretransparency.code.tex 2008/01/17  (rcs-revision 1.2)
)
(/usr/local/texlive/2013/texmf-dist/tex/generic/pgf/basiclayer/pgfcorepatterns.
code.tex
File: pgfcorepatterns.code.tex 2009/07/02  (rcs-revision 1.3)
)))
(/usr/local/texlive/2013/texmf-dist/tex/generic/pgf/modules/pgfmoduleshapes.cod
e.tex
File: pgfmoduleshapes.code.tex 2010/09/09  (rcs-revision 1.13)
\pgfnodeparttextbox=\box36
)
(/usr/local/texlive/2013/texmf-dist/tex/generic/pgf/modules/pgfmoduleplot.code.
tex
File: pgfmoduleplot.code.tex 2010/10/22  (rcs-revision 1.8)
)
(/usr/local/texlive/2013/texmf-dist/tex/latex/pgf/compatibility/pgfcomp-version
-0-65.sty
Package: pgfcomp-version-0-65 2007/07/03 v2.10 (rcs-revision 1.7)
\pgf@nodesepstart=\dimen139
\pgf@nodesepend=\dimen140
)
(/usr/local/texlive/2013/texmf-dist/tex/latex/pgf/compatibility/pgfcomp-version
-1-18.sty
Package: pgfcomp-version-1-18 2007/07/23 v2.10 (rcs-revision 1.1)
))
(/usr/local/texlive/2013/texmf-dist/tex/latex/pgf/utilities/pgffor.sty
(/usr/local/texlive/2013/texmf-dist/tex/latex/pgf/utilities/pgfkeys.sty
(/usr/local/texlive/2013/texmf-dist/tex/generic/pgf/utilities/pgfkeys.code.tex)
) (/usr/local/texlive/2013/texmf-dist/tex/generic/pgf/utilities/pgffor.code.tex
Package: pgffor 2010/03/23 v2.10 (rcs-revision 1.18)
\pgffor@iter=\dimen141
\pgffor@skip=\dimen142
\pgffor@stack=\toks23
\pgffor@toks=\toks24
))
(/usr/local/texlive/2013/texmf-dist/tex/generic/pgf/frontendlayer/tikz/tikz.cod
e.tex
Package: tikz 2010/10/13 v2.10 (rcs-revision 1.76)

(/usr/local/texlive/2013/texmf-dist/tex/generic/pgf/libraries/pgflibraryplothan
dlers.code.tex
File: pgflibraryplothandlers.code.tex 2010/05/31 v2.10 (rcs-revision 1.15)
\pgf@plot@mark@count=\count102
\pgfplotmarksize=\dimen143
)
\tikz@lastx=\dimen144
\tikz@lasty=\dimen145
\tikz@lastxsaved=\dimen146
\tikz@lastysaved=\dimen147
\tikzleveldistance=\dimen148
\tikzsiblingdistance=\dimen149
\tikz@figbox=\box37
\tikz@tempbox=\box38
\tikztreelevel=\count103
\tikznumberofchildren=\count104
\tikznumberofcurrentchild=\count105
\tikz@fig@count=\count106

(/usr/local/texlive/2013/texmf-dist/tex/generic/pgf/modules/pgfmodulematrix.cod
e.tex
File: pgfmodulematrix.code.tex 2010/08/24  (rcs-revision 1.4)
\pgfmatrixcurrentrow=\count107
\pgfmatrixcurrentcolumn=\count108
\pgf@matrix@numberofcolumns=\count109
)
\tikz@expandcount=\count110

(/usr/local/texlive/2013/texmf-dist/tex/generic/pgf/frontendlayer/tikz/librarie
s/tikzlibrarytopaths.code.tex
File: tikzlibrarytopaths.code.tex 2008/06/17 v2.10 (rcs-revision 1.2)
)))
(/usr/local/texlive/2013/texmf-dist/tex/latex/base/ifthen.sty
Package: ifthen 2001/05/26 v1.1c Standard LaTeX ifthen package (DPC)
)
(/usr/local/texlive/2013/texmf-dist/tex/latex/base/fontenc.sty
Package: fontenc 2005/09/27 v1.99g Standard LaTeX package

(/usr/local/texlive/2013/texmf-dist/tex/latex/base/t1enc.def
File: t1enc.def 2005/09/27 v1.99g Standard LaTeX file
LaTeX Font Info:    Redeclaring font encoding T1 on input line 43.
))
(/usr/local/texlive/2013/texmf-dist/tex/generic/pgf/frontendlayer/tikz/librarie
s/tikzlibrarydecorations.code.tex
(/usr/local/texlive/2013/texmf-dist/tex/generic/pgf/modules/pgfmoduledecoration
s.code.tex
\pgfdecoratedcompleteddistance=\dimen150
\pgfdecoratedremainingdistance=\dimen151
\pgfdecoratedinputsegmentcompleteddistance=\dimen152
\pgfdecoratedinputsegmentremainingdistance=\dimen153
\pgf@decorate@distancetomove=\dimen154
\pgf@decorate@repeatstate=\count111
\pgfdecorationsegmentamplitude=\dimen155
\pgfdecorationsegmentlength=\dimen156
)
\tikz@lib@dec@box=\box39
)
(/usr/local/texlive/2013/texmf-dist/tex/generic/pgf/frontendlayer/tikz/librarie
s/tikzlibraryfadings.code.tex
File: tikzlibraryfadings.code.tex 2009/11/15 v2.10 (rcs-revision 1.2)

(/usr/local/texlive/2013/texmf-dist/tex/generic/pgf/libraries/pgflibraryfadings
.code.tex
File: pgflibraryfadings.code.tex 2008/02/07 v2.10 (rcs-revision 1.3)
))
(/usr/local/texlive/2013/texmf-dist/tex/generic/pgf/frontendlayer/tikz/librarie
s/tikzlibrarysnakes.code.tex
File: tikzlibrarysnakes.code.tex 2008/02/05 v2.10 (rcs-revision 1.6)


Package tikz Warning: Snakes have been superseded by decorations. Please use th
e decoration libraries instead of the snakes library on input line 14.


(/usr/local/texlive/2013/texmf-dist/tex/generic/pgf/frontendlayer/tikz/librarie
s/tikzlibrarydecorations.pathmorphing.code.tex
(/usr/local/texlive/2013/texmf-dist/tex/generic/pgf/libraries/decorations/pgfli
brarydecorations.pathmorphing.code.tex))
(/usr/local/texlive/2013/texmf-dist/tex/generic/pgf/frontendlayer/tikz/librarie
s/tikzlibrarydecorations.pathreplacing.code.tex
(/usr/local/texlive/2013/texmf-dist/tex/generic/pgf/libraries/decorations/pgfli
brarydecorations.pathreplacing.code.tex))
(/usr/local/texlive/2013/texmf-dist/tex/generic/pgf/frontendlayer/tikz/librarie
s/tikzlibrarydecorations.shapes.code.tex
(/usr/local/texlive/2013/texmf-dist/tex/generic/pgf/libraries/decorations/pgfli
brarydecorations.shapes.code.tex)))
(/usr/local/texlive/2013/texmf-dist/tex/generic/pgf/frontendlayer/tikz/librarie
s/tikzlibrarycalc.code.tex
File: tikzlibrarycalc.code.tex 2009/09/04 v2.10 (rcs-revision 1.6)
)
\baposter@movebody=\skip66
\baposter@basemarginright=\skip67
\baposter@basemarginleft=\skip68

Paperwidth=2392.87677pt
Paperheight=3383.03267pt
BasePaperwidth=662.80963pt
BasePaperheight=937.07568pt
(/usr/local/texlive/2013/texmf-dist/tex/latex/geometry/geometry.sty
Package: geometry 2010/09/12 v5.6 Page Geometry

(/usr/local/texlive/2013/texmf-dist/tex/generic/oberdiek/ifpdf.sty
Package: ifpdf 2011/01/30 v2.3 Provides the ifpdf switch (HO)
Package ifpdf Info: pdfTeX in PDF mode is detected.
)
(/usr/local/texlive/2013/texmf-dist/tex/generic/oberdiek/ifvtex.sty
Package: ifvtex 2010/03/01 v1.5 Detect VTeX and its facilities (HO)
Package ifvtex Info: VTeX not detected.
)
(/usr/local/texlive/2013/texmf-dist/tex/generic/ifxetex/ifxetex.sty
Package: ifxetex 2010/09/12 v0.6 Provides ifxetex conditional
)
\Gm@cnth=\count112
\Gm@cntv=\count113
\c@Gm@tempcnt=\count114
\Gm@bindingoffset=\dimen157
\Gm@wd@mp=\dimen158
\Gm@odd@mp=\dimen159
\Gm@even@mp=\dimen160
\Gm@layoutwidth=\dimen161
\Gm@layoutheight=\dimen162
\Gm@layouthoffset=\dimen163
\Gm@layoutvoffset=\dimen164
\Gm@dimlist=\toks25
)
(/usr/local/texlive/2013/texmf-dist/tex/latex/pgf/utilities/pgfpages.sty
Package: pgfpages 2004/11/05 ver 0.01
\pgf@logicalpages=\count115
\pgf@firstshipout=\count116
\pgf@lastshipout=\count117
\pgf@currentshipout=\count118
\pgf@cpn=\count119
\pgf@shipoutnextto=\count120
\pgfphysicalheight=\dimen165
\pgfphysicalwidth=\dimen166
\pgfpages@shipoutbox=\box40
)
\pgfpages@box@1=\box41
)
(/usr/local/texlive/2013/texmf-dist/tex/latex/amsmath/amsmath.sty
Package: amsmath 2013/01/14 v2.14 AMS math features
\@mathmargin=\skip69

For additional information on amsmath, use the `?' option.
(/usr/local/texlive/2013/texmf-dist/tex/latex/amsmath/amstext.sty
Package: amstext 2000/06/29 v2.01

(/usr/local/texlive/2013/texmf-dist/tex/latex/amsmath/amsgen.sty
File: amsgen.sty 1999/11/30 v2.0
\@emptytoks=\toks26
\ex@=\dimen167
))
(/usr/local/texlive/2013/texmf-dist/tex/latex/amsmath/amsbsy.sty
Package: amsbsy 1999/11/29 v1.2d
\pmbraise@=\dimen168
)
(/usr/local/texlive/2013/texmf-dist/tex/latex/amsmath/amsopn.sty
Package: amsopn 1999/12/14 v2.01 operator names
)
\inf@bad=\count121
LaTeX Info: Redefining \frac on input line 210.
\uproot@=\count122
\leftroot@=\count123
LaTeX Info: Redefining \overline on input line 306.
\classnum@=\count124
\DOTSCASE@=\count125
LaTeX Info: Redefining \ldots on input line 378.
LaTeX Info: Redefining \dots on input line 381.
LaTeX Info: Redefining \cdots on input line 466.
\Mathstrutbox@=\box42
\strutbox@=\box43
\big@size=\dimen169
LaTeX Font Info:    Redeclaring font encoding OML on input line 566.
LaTeX Font Info:    Redeclaring font encoding OMS on input line 567.
\macc@depth=\count126
\c@MaxMatrixCols=\count127
\dotsspace@=\muskip10
\c@parentequation=\count128
\dspbrk@lvl=\count129
\tag@help=\toks27
\row@=\count130
\column@=\count131
\maxfields@=\count132
\andhelp@=\toks28
\eqnshift@=\dimen170
\alignsep@=\dimen171
\tagshift@=\dimen172
\tagwidth@=\dimen173
\totwidth@=\dimen174
\lineht@=\dimen175
\@envbody=\toks29
\multlinegap=\skip70
\multlinetaggap=\skip71
\mathdisplay@stack=\toks30
LaTeX Info: Redefining \[ on input line 2665.
LaTeX Info: Redefining \] on input line 2666.
)
(/usr/local/texlive/2013/texmf-dist/tex/latex/amsfonts/amssymb.sty
Package: amssymb 2013/01/14 v3.01 AMS font symbols

(/usr/local/texlive/2013/texmf-dist/tex/latex/amsfonts/amsfonts.sty
Package: amsfonts 2013/01/14 v3.01 Basic AMSFonts support
\symAMSa=\mathgroup4
\symAMSb=\mathgroup5
LaTeX Font Info:    Overwriting math alphabet `\mathfrak' in version `bold'
(Font)                  U/euf/m/n --> U/euf/b/n on input line 106.
))
(/usr/local/texlive/2013/texmf-dist/tex/latex/relsize/relsize.sty
Package: relsize 2013/03/29 ver 4.1
)
(/usr/local/texlive/2013/texmf-dist/tex/latex/multirow/multirow.sty
\bigstrutjot=\dimen176
)
(/usr/local/texlive/2013/texmf-dist/tex/latex/rotating/rotating.sty
Package: rotating 2009/03/28 v2.16a rotated objects in LaTeX
\c@r@tfl@t=\count133
\rotFPtop=\skip72
\rotFPbot=\skip73
\rot@float@box=\box44
\rot@mess@toks=\toks31
)
(/usr/local/texlive/2013/texmf-dist/tex/latex/tools/bm.sty
Package: bm 2004/02/26 v1.1c Bold Symbol Support (DPC/FMi)
\symboldoperators=\mathgroup6
\symboldletters=\mathgroup7
\symboldsymbols=\mathgroup8
LaTeX Font Info:    Redeclaring math alphabet \mathbf on input line 138.
LaTeX Info: Redefining \bm on input line 204.
)
(/usr/local/texlive/2013/texmf-dist/tex/latex/url/url.sty
\Urlmuskip=\muskip11
Package: url 2006/04/12  ver 3.3  Verb mode for urls, etc.
)
(/usr/local/texlive/2013/texmf-dist/tex/latex/tools/multicol.sty
Package: multicol 2011/06/27 v1.7a multicolumn formatting (FMi)
\c@tracingmulticols=\count134
\mult@box=\box45
\multicol@leftmargin=\dimen177
\c@unbalance=\count135
\c@collectmore=\count136
\doublecol@number=\count137
\multicoltolerance=\count138
\multicolpretolerance=\count139
\full@width=\dimen178
\page@free=\dimen179
\premulticols=\dimen180
\postmulticols=\dimen181
\multicolsep=\skip74
\multicolbaselineskip=\skip75
\partial@page=\box46
\last@line=\box47
\mult@rightbox=\box48
\mult@grightbox=\box49
\mult@gfirstbox=\box50
\mult@firstbox=\box51
\@tempa=\box52
\@tempa=\box53
\@tempa=\box54
\@tempa=\box55
\@tempa=\box56
\@tempa=\box57
\@tempa=\box58
\@tempa=\box59
\@tempa=\box60
\@tempa=\box61
\@tempa=\box62
\@tempa=\box63
\@tempa=\box64
\@tempa=\box65
\@tempa=\box66
\@tempa=\box67
\@tempa=\box68
\c@columnbadness=\count140
\c@finalcolumnbadness=\count141
\last@try=\dimen182
\multicolovershoot=\dimen183
\multicolundershoot=\dimen184
\mult@nat@firstbox=\box69
\colbreak@box=\box70
\multicol@sort@counter=\count142
)
(/usr/local/texlive/2013/texmf-dist/tex/latex/psnfss/palatino.sty
Package: palatino 2005/04/12 PSNFSS-v9.2a (SPQR) 
)

LaTeX Warning: Unused global option(s):
    [final].

(./poster_portrait.aux)
\openout1 = `poster_portrait.aux'.

LaTeX Font Info:    Checking defaults for OML/cmm/m/it on input line 65.
LaTeX Font Info:    ... okay on input line 65.
LaTeX Font Info:    Checking defaults for T1/cmr/m/n on input line 65.
LaTeX Font Info:    ... okay on input line 65.
LaTeX Font Info:    Checking defaults for OT1/cmr/m/n on input line 65.
LaTeX Font Info:    ... okay on input line 65.
LaTeX Font Info:    Checking defaults for OMS/cmsy/m/n on input line 65.
LaTeX Font Info:    ... okay on input line 65.
LaTeX Font Info:    Checking defaults for OMX/cmex/m/n on input line 65.
LaTeX Font Info:    ... okay on input line 65.
LaTeX Font Info:    Checking defaults for U/cmr/m/n on input line 65.
LaTeX Font Info:    ... okay on input line 65.
LaTeX Font Info:    Try loading font information for T1+ppl on input line 65.

(/usr/local/texlive/2013/texmf-dist/tex/latex/psnfss/t1ppl.fd
File: t1ppl.fd 2001/06/04 font definitions for T1/ppl.
)
(/usr/local/texlive/2013/texmf-dist/tex/context/base/supp-pdf.mkii
[Loading MPS to PDF converter (version 2006.09.02).]
\scratchcounter=\count143
\scratchdimen=\dimen185
\scratchbox=\box71
\nofMPsegments=\count144
\nofMParguments=\count145
\everyMPshowfont=\toks32
\MPscratchCnt=\count146
\MPscratchDim=\dimen186
\MPnumerator=\count147
\makeMPintoPDFobject=\count148
\everyMPtoPDFconversion=\toks33
) ABD: EveryShipout initializing macros
(/usr/local/texlive/2013/texmf-dist/tex/generic/oberdiek/pdftexcmds.sty
Package: pdftexcmds 2011/11/29 v0.20 Utility functions of pdfTeX for LuaTeX (HO
)

(/usr/local/texlive/2013/texmf-dist/tex/generic/oberdiek/ifluatex.sty
Package: ifluatex 2010/03/01 v1.3 Provides the ifluatex switch (HO)
Package ifluatex Info: LuaTeX not detected.
)
Package pdftexcmds Info: LuaTeX not detected.
Package pdftexcmds Info: \pdf@primitive is available.
Package pdftexcmds Info: \pdf@ifprimitive is available.
Package pdftexcmds Info: \pdfdraftmode found.
)
(/usr/local/texlive/2013/texmf-dist/tex/latex/oberdiek/epstopdf-base.sty
Package: epstopdf-base 2010/02/09 v2.5 Base part for package epstopdf

(/usr/local/texlive/2013/texmf-dist/tex/latex/oberdiek/grfext.sty
Package: grfext 2010/08/19 v1.1 Manage graphics extensions (HO)

(/usr/local/texlive/2013/texmf-dist/tex/generic/oberdiek/kvdefinekeys.sty
Package: kvdefinekeys 2011/04/07 v1.3 Define keys (HO)
))
(/usr/local/texlive/2013/texmf-dist/tex/latex/oberdiek/kvoptions.sty
Package: kvoptions 2011/06/30 v3.11 Key value format for package options (HO)

(/usr/local/texlive/2013/texmf-dist/tex/generic/oberdiek/kvsetkeys.sty
Package: kvsetkeys 2012/04/25 v1.16 Key value parser (HO)

(/usr/local/texlive/2013/texmf-dist/tex/generic/oberdiek/etexcmds.sty
Package: etexcmds 2011/02/16 v1.5 Avoid name clashes with e-TeX commands (HO)
Package etexcmds Info: Could not find \expanded.
(etexcmds)             That can mean that you are not using pdfTeX 1.50 or
(etexcmds)             that some package has redefined \expanded.
(etexcmds)             In the latter case, load this package earlier.
)))
Package grfext Info: Graphics extension search list:
(grfext)             [.png,.pdf,.jpg,.mps,.jpeg,.jbig2,.jb2,.PNG,.PDF,.JPG,.JPE
G,.JBIG2,.JB2,.eps]
(grfext)             \AppendGraphicsExtensions on input line 452.

(/usr/local/texlive/2013/texmf-dist/tex/latex/latexconfig/epstopdf-sys.cfg
File: epstopdf-sys.cfg 2010/07/13 v1.3 Configuration of (r)epstopdf for TeX Liv
e
))
*geometry* driver: auto-detecting
*geometry* detected driver: pdftex
*geometry* verbose mode - [ preamble ] result:
* driver: pdftex
* paper: custom
* layout: <same size as paper>
* layoutoffset:(h,v)=(0.0pt,0.0pt)
* modes: 
* h-part:(L,W,R)=(11.82181pt, 639.16602pt, 11.82181pt)
* v-part:(T,H,B)=(11.82181pt, 913.43207pt, 11.82181pt)
* \paperwidth=662.80963pt
* \paperheight=937.07568pt
* \textwidth=639.16602pt
* \textheight=913.43207pt
* \oddsidemargin=-60.44818pt
* \evensidemargin=-60.44818pt
* \topmargin=-97.44818pt
* \headheight=12.0pt
* \headsep=25.0pt
* \topskip=10.0pt
* \footskip=30.0pt
* \marginparwidth=65.0pt
* \marginparsep=11.0pt
* \columnsep=14.99634pt
* \skip\footins=9.0pt plus 4.0pt minus 2.0pt
* \hoffset=0.0pt
* \voffset=0.0pt
* \mag=1000
* \@twocolumnfalse
* \@twosidefalse
* \@mparswitchfalse
* \@reversemarginfalse
* (1in=72.27pt=25.4mm, 1cm=28.453pt)

\FSZ=\skip76
<images/graph_occluded.pdf, id=20, 174.41159pt x 115.633pt>
File: images/graph_occluded.pdf Graphic file (type pdf)

<use images/graph_occluded.pdf>
Package pdftex.def Info: images/graph_occluded.pdf used on input line 147.
(pdftex.def)             Requested size: 75.416pt x 50.0pt.

<images/logo.pdf, id=21, 597.23125pt x 845.1575pt>
File: images/logo.pdf Graphic file (type pdf)
 <use images/logo.pdf>
Package pdftex.def Info: images/logo.pdf used on input line 147.
(pdftex.def)             Requested size: 63.59053pt x 90.0pt.
LaTeX Font Info:    Font shape `T1/ppl/bx/n' in size <10> not available
(Font)              Font shape `T1/ppl/b/n' tried instead on input line 147.
LaTeX Font Info:    Font shape `T1/ppl/bx/n' in size <24.88> not available
(Font)              Font shape `T1/ppl/b/n' tried instead on input line 147.
LaTeX Font Info:    Font shape `T1/ppl/bx/sc' in size <24.88> not available
(Font)              Font shape `T1/ppl/b/sc' tried instead on input line 147.
LaTeX Font Info:    Try loading font information for U+msa on input line 147.

(/usr/local/texlive/2013/texmf-dist/tex/latex/amsfonts/umsa.fd
File: umsa.fd 2013/01/14 v3.01 AMS symbols A
)
LaTeX Font Info:    Try loading font information for U+msb on input line 147.

(/usr/local/texlive/2013/texmf-dist/tex/latex/amsfonts/umsb.fd
File: umsb.fd 2013/01/14 v3.01 AMS symbols B
)
Underfull \hbox (badness 1590) in paragraph at lines 179--179
[]\T1/ppl/m/n/10 Tracks of fea-tures through scenes are
 []


Underfull \hbox (badness 3343) in paragraph at lines 179--179
[]\T1/ppl/m/n/10 Speed: In-ter-ac-tive edit-ing re-quires
 []

Missing character: There is no ; in font nullfont!
Missing character: There is no ; in font nullfont!
LaTeX Font Info:    Font shape `T1/ppl/bx/n' in size <14.4> not available
(Font)              Font shape `T1/ppl/b/n' tried instead on input line 179.
LaTeX Font Info:    Font shape `T1/ppl/bx/sc' in size <14.4> not available
(Font)              Font shape `T1/ppl/b/sc' tried instead on input line 179.
Missing character: There is no ; in font nullfont!

Underfull \hbox (badness 10000) in paragraph at lines 196--196
[]\T1/ppl/m/n/10 Efficient in-cor-po-ra-tion of a back-
 []

Missing character: There is no ; in font nullfont!
Missing character: There is no ; in font nullfont!
Missing character: There is no ; in font nullfont!
<images/red-4-sec_000_rastered.png, id=23, 803.0pt x 702.625pt>
File: images/red-4-sec_000_rastered.png Graphic file (type png)

<use images/red-4-sec_000_rastered.png>
Package pdftex.def Info: images/red-4-sec_000_rastered.png used on input line 2
35.
(pdftex.def)             Requested size: 82.55293pt x 72.22859pt.

<images/red-4-sec_024_rastered.png, id=25, 803.0pt x 702.625pt>
File: images/red-4-sec_024_rastered.png Graphic file (type png)

<use images/red-4-sec_024_rastered.png>
Package pdftex.def Info: images/red-4-sec_024_rastered.png used on input line 2
35.
(pdftex.def)             Requested size: 82.55293pt x 72.22859pt.

<images/red-4-sec_048_rastered.png, id=26, 803.0pt x 702.625pt>
File: images/red-4-sec_048_rastered.png Graphic file (type png)

<use images/red-4-sec_048_rastered.png>
Package pdftex.def Info: images/red-4-sec_048_rastered.png used on input line 2
35.
(pdftex.def)             Requested size: 82.55293pt x 72.22859pt.

<images/red-4-sec_072_rastered.png, id=27, 803.0pt x 702.625pt>
File: images/red-4-sec_072_rastered.png Graphic file (type png)

<use images/red-4-sec_072_rastered.png>
Package pdftex.def Info: images/red-4-sec_072_rastered.png used on input line 2
35.
(pdftex.def)             Requested size: 82.55293pt x 72.22859pt.

<images/red-4-sec_095_rastered.png, id=28, 803.0pt x 702.625pt>
File: images/red-4-sec_095_rastered.png Graphic file (type png)

<use images/red-4-sec_095_rastered.png>
Package pdftex.def Info: images/red-4-sec_095_rastered.png used on input line 2
35.
(pdftex.def)             Requested size: 82.55293pt x 72.22859pt.

Underfull \hbox (badness 10000) in alignment at lines 235--235
[][][][][]
 []

<images/giraffe-run-000-rastered.png, id=29, 803.0pt x 481.8pt>
File: images/giraffe-run-000-rastered.png Graphic file (type png)

<use images/giraffe-run-000-rastered.png>
Package pdftex.def Info: images/giraffe-run-000-rastered.png used on input line
 235.
(pdftex.def)             Requested size: 82.55293pt x 49.52817pt.

<images/giraffe-run-100-rastered.png, id=30, 803.0pt x 481.8pt>
File: images/giraffe-run-100-rastered.png Graphic file (type png)

<use images/giraffe-run-100-rastered.png>
Package pdftex.def Info: images/giraffe-run-100-rastered.png used on input line
 235.
(pdftex.def)             Requested size: 82.55293pt x 49.52817pt.

<images/giraffe-run-200-rastered.png, id=31, 803.0pt x 481.8pt>
File: images/giraffe-run-200-rastered.png Graphic file (type png)

<use images/giraffe-run-200-rastered.png>
Package pdftex.def Info: images/giraffe-run-200-rastered.png used on input line
 235.
(pdftex.def)             Requested size: 82.55293pt x 49.52817pt.

<images/giraffe-run-300-rastered.png, id=32, 803.0pt x 481.8pt>
File: images/giraffe-run-300-rastered.png Graphic file (type png)

<use images/giraffe-run-300-rastered.png>
Package pdftex.def Info: images/giraffe-run-300-rastered.png used on input line
 235.
(pdftex.def)             Requested size: 82.55293pt x 49.52817pt.

<images/giraffe-run-458-rastered.png, id=33, 803.0pt x 481.8pt>
File: images/giraffe-run-458-rastered.png Graphic file (type png)

<use images/giraffe-run-458-rastered.png>
Package pdftex.def Info: images/giraffe-run-458-rastered.png used on input line
 235.
(pdftex.def)             Requested size: 82.55293pt x 49.52817pt.

Underfull \hbox (badness 10000) in alignment at lines 235--235
[][][][][]
 []


Underfull \hbox (badness 6775) in paragraph at lines 235--235
\T1/ppl/m/n/10 eight user in-ter-ac-tions, of which three
 []

Missing character: There is no ; in font nullfont!
Missing character: There is no ; in font nullfont!
Missing character: There is no ; in font nullfont!
Missing character: There is no ; in font nullfont!
Missing character: There is no ; in font nullfont!
Missing character: There is no ; in font nullfont!
<images/candidates_lips_ridge_left_bg.png, id=34, 1083.04625pt x 868.24374pt>
File: images/candidates_lips_ridge_left_bg.png Graphic file (type png)

<use images/candidates_lips_ridge_left_bg.png>
Package pdftex.def Info: images/candidates_lips_ridge_left_bg.png used on input
 line 280.
(pdftex.def)             Requested size: 90.33865pt x 72.41528pt.

<images/candidates_lips_ridge_left_no_bg.png, id=35, 1083.04625pt x 868.24374pt
>
File: images/candidates_lips_ridge_left_no_bg.png Graphic file (type png)
 <use images/candidates_lips_ridge_left_no_bg.png>
Package pdftex.def Info: images/candidates_lips_ridge_left_no_bg.png used on in
put line 280.
(pdftex.def)             Requested size: 90.33865pt x 72.41528pt.

Underfull \hbox (badness 10000) in paragraph at lines 280--280
[]
 []


Underfull \hbox (badness 2512) in paragraph at lines 280--280
[]\T1/ppl/m/n/10 We in-cor-po-rate a back-ground model,
 []

Missing character: There is no ; in font nullfont!
Missing character: There is no ; in font nullfont!
Missing character: There is no ; in font nullfont!
<images/basis-giraffe-example-frame.png, id=36, 481.8pt x 361.35pt>
File: images/basis-giraffe-example-frame.png Graphic file (type png)

<use images/basis-giraffe-example-frame.png>
Package pdftex.def Info: images/basis-giraffe-example-frame.png used on input l
ine 338.
(pdftex.def)             Requested size: 58.91624pt x 44.18718pt.

Underfull \hbox (badness 10000) in paragraph at lines 338--338

 []

<images/basis-giraffe-basis-01.png, id=37, 19.07124pt x 19.07124pt>
File: images/basis-giraffe-basis-01.png Graphic file (type png)

<use images/basis-giraffe-basis-01.png>
Package pdftex.def Info: images/basis-giraffe-basis-01.png used on input line 3
38.
(pdftex.def)             Requested size: 12.96214pt x 12.96214pt.

<images/basis-giraffe-basis-02.png, id=38, 19.07124pt x 19.07124pt>
File: images/basis-giraffe-basis-02.png Graphic file (type png)

<use images/basis-giraffe-basis-02.png>
Package pdftex.def Info: images/basis-giraffe-basis-02.png used on input line 3
38.
(pdftex.def)             Requested size: 12.96214pt x 12.96214pt.

<images/basis-giraffe-basis-03.png, id=39, 19.07124pt x 19.07124pt>
File: images/basis-giraffe-basis-03.png Graphic file (type png)

<use images/basis-giraffe-basis-03.png>
Package pdftex.def Info: images/basis-giraffe-basis-03.png used on input line 3
38.
(pdftex.def)             Requested size: 12.96214pt x 12.96214pt.

<images/basis-giraffe-basis-04.png, id=40, 19.07124pt x 19.07124pt>
File: images/basis-giraffe-basis-04.png Graphic file (type png)

<use images/basis-giraffe-basis-04.png>
Package pdftex.def Info: images/basis-giraffe-basis-04.png used on input line 3
38.
(pdftex.def)             Requested size: 12.96214pt x 12.96214pt.

<images/basis-giraffe-basis-05.png, id=41, 19.07124pt x 19.07124pt>
File: images/basis-giraffe-basis-05.png Graphic file (type png)

<use images/basis-giraffe-basis-05.png>
Package pdftex.def Info: images/basis-giraffe-basis-05.png used on input line 3
38.
(pdftex.def)             Requested size: 12.96214pt x 12.96214pt.

<images/basis-giraffe-basis-06.png, id=42, 19.07124pt x 19.07124pt>
File: images/basis-giraffe-basis-06.png Graphic file (type png)

<use images/basis-giraffe-basis-06.png>
Package pdftex.def Info: images/basis-giraffe-basis-06.png used on input line 3
38.
(pdftex.def)             Requested size: 12.96214pt x 12.96214pt.

<images/basis-giraffe-basis-07.png, id=43, 19.07124pt x 19.07124pt>
File: images/basis-giraffe-basis-07.png Graphic file (type png)

<use images/basis-giraffe-basis-07.png>
Package pdftex.def Info: images/basis-giraffe-basis-07.png used on input line 3
38.
(pdftex.def)             Requested size: 12.96214pt x 12.96214pt.

<images/basis-giraffe-basis-08.png, id=44, 19.07124pt x 19.07124pt>
File: images/basis-giraffe-basis-08.png Graphic file (type png)

<use images/basis-giraffe-basis-08.png>
Package pdftex.def Info: images/basis-giraffe-basis-08.png used on input line 3
38.
(pdftex.def)             Requested size: 12.96214pt x 12.96214pt.

<images/basis-giraffe-basis-09.png, id=45, 19.07124pt x 19.07124pt>
File: images/basis-giraffe-basis-09.png Graphic file (type png)

<use images/basis-giraffe-basis-09.png>
Package pdftex.def Info: images/basis-giraffe-basis-09.png used on input line 3
38.
(pdftex.def)             Requested size: 12.96214pt x 12.96214pt.

<images/basis-giraffe-basis-10.png, id=46, 19.07124pt x 19.07124pt>
File: images/basis-giraffe-basis-10.png Graphic file (type png)

<use images/basis-giraffe-basis-10.png>
Package pdftex.def Info: images/basis-giraffe-basis-10.png used on input line 3
38.
(pdftex.def)             Requested size: 12.96214pt x 12.96214pt.

<images/basis-giraffe-basis-11.png, id=47, 19.07124pt x 19.07124pt>
File: images/basis-giraffe-basis-11.png Graphic file (type png)

<use images/basis-giraffe-basis-11.png>
Package pdftex.def Info: images/basis-giraffe-basis-11.png used on input line 3
38.
(pdftex.def)             Requested size: 12.96214pt x 12.96214pt.

<images/basis-giraffe-basis-12.png, id=48, 19.07124pt x 19.07124pt>
File: images/basis-giraffe-basis-12.png Graphic file (type png)

<use images/basis-giraffe-basis-12.png>
Package pdftex.def Info: images/basis-giraffe-basis-12.png used on input line 3
38.
(pdftex.def)             Requested size: 12.96214pt x 12.96214pt.

<images/basis-giraffe-basis-13.png, id=49, 19.07124pt x 19.07124pt>
File: images/basis-giraffe-basis-13.png Graphic file (type png)

<use images/basis-giraffe-basis-13.png>
Package pdftex.def Info: images/basis-giraffe-basis-13.png used on input line 3
38.
(pdftex.def)             Requested size: 12.96214pt x 12.96214pt.

<images/basis-giraffe-basis-14.png, id=50, 19.07124pt x 19.07124pt>
File: images/basis-giraffe-basis-14.png Graphic file (type png)

<use images/basis-giraffe-basis-14.png>
Package pdftex.def Info: images/basis-giraffe-basis-14.png used on input line 3
38.
(pdftex.def)             Requested size: 12.96214pt x 12.96214pt.

<images/basis-giraffe-basis-15.png, id=51, 19.07124pt x 19.07124pt>
File: images/basis-giraffe-basis-15.png Graphic file (type png)

<use images/basis-giraffe-basis-15.png>
Package pdftex.def Info: images/basis-giraffe-basis-15.png used on input line 3
38.
(pdftex.def)             Requested size: 12.96214pt x 12.96214pt.

<images/basis-giraffe-basis-16.png, id=52, 19.07124pt x 19.07124pt>
File: images/basis-giraffe-basis-16.png Graphic file (type png)

<use images/basis-giraffe-basis-16.png>
Package pdftex.def Info: images/basis-giraffe-basis-16.png used on input line 3
38.
(pdftex.def)             Requested size: 12.96214pt x 12.96214pt.

Underfull \hbox (badness 10000) in paragraph at lines 338--338

 []

<images/basis-giraffe-response-01.png, id=53, 481.8pt x 361.35pt>
File: images/basis-giraffe-response-01.png Graphic file (type png)

<use images/basis-giraffe-response-01.png>
Package pdftex.def Info: images/basis-giraffe-response-01.png used on input lin
e 338.
(pdftex.def)             Requested size: 12.96098pt x 9.72073pt.

<images/basis-giraffe-response-02.png, id=54, 481.8pt x 361.35pt>
File: images/basis-giraffe-response-02.png Graphic file (type png)

<use images/basis-giraffe-response-02.png>
Package pdftex.def Info: images/basis-giraffe-response-02.png used on input lin
e 338.
(pdftex.def)             Requested size: 12.96098pt x 9.72073pt.

<images/basis-giraffe-response-03.png, id=55, 481.8pt x 361.35pt>
File: images/basis-giraffe-response-03.png Graphic file (type png)

<use images/basis-giraffe-response-03.png>
Package pdftex.def Info: images/basis-giraffe-response-03.png used on input lin
e 338.
(pdftex.def)             Requested size: 12.96098pt x 9.72073pt.

<images/basis-giraffe-response-04.png, id=56, 481.8pt x 361.35pt>
File: images/basis-giraffe-response-04.png Graphic file (type png)

<use images/basis-giraffe-response-04.png>
Package pdftex.def Info: images/basis-giraffe-response-04.png used on input lin
e 338.
(pdftex.def)             Requested size: 12.96098pt x 9.72073pt.

<images/basis-giraffe-response-05.png, id=57, 481.8pt x 361.35pt>
File: images/basis-giraffe-response-05.png Graphic file (type png)

<use images/basis-giraffe-response-05.png>
Package pdftex.def Info: images/basis-giraffe-response-05.png used on input lin
e 338.
(pdftex.def)             Requested size: 12.96098pt x 9.72073pt.

<images/basis-giraffe-response-06.png, id=58, 481.8pt x 361.35pt>
File: images/basis-giraffe-response-06.png Graphic file (type png)

<use images/basis-giraffe-response-06.png>
Package pdftex.def Info: images/basis-giraffe-response-06.png used on input lin
e 338.
(pdftex.def)             Requested size: 12.96098pt x 9.72073pt.

<images/basis-giraffe-response-07.png, id=59, 481.8pt x 361.35pt>
File: images/basis-giraffe-response-07.png Graphic file (type png)

<use images/basis-giraffe-response-07.png>
Package pdftex.def Info: images/basis-giraffe-response-07.png used on input lin
e 338.
(pdftex.def)             Requested size: 12.96098pt x 9.72073pt.

<images/basis-giraffe-response-08.png, id=60, 481.8pt x 361.35pt>
File: images/basis-giraffe-response-08.png Graphic file (type png)

<use images/basis-giraffe-response-08.png>
Package pdftex.def Info: images/basis-giraffe-response-08.png used on input lin
e 338.
(pdftex.def)             Requested size: 12.96098pt x 9.72073pt.

<images/basis-giraffe-response-09.png, id=61, 481.8pt x 361.35pt>
File: images/basis-giraffe-response-09.png Graphic file (type png)

<use images/basis-giraffe-response-09.png>
Package pdftex.def Info: images/basis-giraffe-response-09.png used on input lin
e 338.
(pdftex.def)             Requested size: 12.96098pt x 9.72073pt.

<images/basis-giraffe-response-10.png, id=62, 481.8pt x 361.35pt>
File: images/basis-giraffe-response-10.png Graphic file (type png)

<use images/basis-giraffe-response-10.png>
Package pdftex.def Info: images/basis-giraffe-response-10.png used on input lin
e 338.
(pdftex.def)             Requested size: 12.96098pt x 9.72073pt.

<images/basis-giraffe-response-11.png, id=63, 481.8pt x 361.35pt>
File: images/basis-giraffe-response-11.png Graphic file (type png)

<use images/basis-giraffe-response-11.png>
Package pdftex.def Info: images/basis-giraffe-response-11.png used on input lin
e 338.
(pdftex.def)             Requested size: 12.96098pt x 9.72073pt.

<images/basis-giraffe-response-12.png, id=64, 481.8pt x 361.35pt>
File: images/basis-giraffe-response-12.png Graphic file (type png)

<use images/basis-giraffe-response-12.png>
Package pdftex.def Info: images/basis-giraffe-response-12.png used on input lin
e 338.
(pdftex.def)             Requested size: 12.96098pt x 9.72073pt.

<images/basis-giraffe-response-13.png, id=65, 481.8pt x 361.35pt>
File: images/basis-giraffe-response-13.png Graphic file (type png)

<use images/basis-giraffe-response-13.png>
Package pdftex.def Info: images/basis-giraffe-response-13.png used on input lin
e 338.
(pdftex.def)             Requested size: 12.96098pt x 9.72073pt.

<images/basis-giraffe-response-14.png, id=66, 481.8pt x 361.35pt>
File: images/basis-giraffe-response-14.png Graphic file (type png)

<use images/basis-giraffe-response-14.png>
Package pdftex.def Info: images/basis-giraffe-response-14.png used on input lin
e 338.
(pdftex.def)             Requested size: 12.96098pt x 9.72073pt.

<images/basis-giraffe-response-15.png, id=67, 481.8pt x 361.35pt>
File: images/basis-giraffe-response-15.png Graphic file (type png)

<use images/basis-giraffe-response-15.png>
Package pdftex.def Info: images/basis-giraffe-response-15.png used on input lin
e 338.
(pdftex.def)             Requested size: 12.96098pt x 9.72073pt.

<images/basis-giraffe-response-16.png, id=68, 481.8pt x 361.35pt>
File: images/basis-giraffe-response-16.png Graphic file (type png)

<use images/basis-giraffe-response-16.png>
Package pdftex.def Info: images/basis-giraffe-response-16.png used on input lin
e 338.
(pdftex.def)             Requested size: 12.96098pt x 9.72073pt.

Underfull \hbox (badness 10000) in paragraph at lines 338--338
[][]
 []


Underfull \hbox (badness 10000) in paragraph at lines 338--338

 []

Missing character: There is no ; in font nullfont!
Missing character: There is no ; in font nullfont!
Missing character: There is no ; in font nullfont!

Underfull \hbox (badness 10000) in paragraph at lines 352--352

 []

<images/chart.png, id=69, 100.375pt x 100.375pt>
File: images/chart.png Graphic file (type png)
 <use images/chart.png>
Package pdftex.def Info: images/chart.png used on input line 352.
(pdftex.def)             Requested size: 54.9877pt x 54.98892pt.
LaTeX Font Info:    Try loading font information for T1+pcr on input line 352.

(/usr/local/texlive/2013/texmf-dist/tex/latex/psnfss/t1pcr.fd
File: t1pcr.fd 2001/06/04 font definitions for T1/pcr.
)
Underfull \hbox (badness 10000) in paragraph at lines 352--352
\T1/pcr/m/n/10 http : / / www . cs . unibas . ch /
 []

Missing character: There is no ; in font nullfont!
Missing character: There is no ; in font nullfont!
Missing character: There is no ; in font nullfont!
Missing character: There is no ; in font nullfont!
Missing character: There is no ; in font nullfont!
Missing character: There is no ; in font nullfont!
File: images/graph_occluded.pdf Graphic file (type pdf)
<use images/graph_occluded.pdf>
Package pdftex.def Info: images/graph_occluded.pdf used on input line 378.
(pdftex.def)             Requested size: 186.56563pt x 123.69429pt.

Underfull \hbox (badness 2197) in paragraph at lines 378--378
[]\T1/ppl/m/n/10 The cost is in-ter-preted as a di-rected
 []


Underfull \hbox (badness 4084) in paragraph at lines 378--378
\T1/ppl/m/n/10 and edges. The nodes en-code can-di-
 []

Missing character: There is no ; in font nullfont!
Missing character: There is no ; in font nullfont!
Missing character: There is no ; in font nullfont!
[2

{/usr/local/texlive/2013/texmf-var/fonts/map/pdftex/updmap/pdftex.map} <./image
s/graph_occluded.pdf> <./images/logo.pdf> <./images/red-4-sec_000_rastered.png>
 <./images/red-4-sec_024_rastered.png> <./images/red-4-sec_048_rastered.png> <.
/images/red-4-sec_072_rastered.png> <./images/red-4-sec_095_rastered.png> <./im
ages/giraffe-run-000-rastered.png> <./images/giraffe-run-100-rastered.png> <./i
mages/giraffe-run-200-rastered.png> <./images/giraffe-run-300-rastered.png> <./
images/giraffe-run-458-rastered.png> <./images/candidates_lips_ridge_left_bg.pn
g> <./images/candidates_lips_ridge_left_no_bg.png> <./images/basis-giraffe-exam
ple-frame.png (PNG copy)> <./images/basis-giraffe-basis-01.png (PNG copy)> <./i
mages/basis-giraffe-basis-02.png (PNG copy)> <./images/basis-giraffe-basis-03.p
ng (PNG copy)> <./images/basis-giraffe-basis-04.png (PNG copy)> <./images/basis
-giraffe-basis-05.png (PNG copy)> <./images/basis-giraffe-basis-06.png (PNG cop
y)> <./images/basis-giraffe-basis-07.png (PNG copy)> <./images/basis-giraffe-ba
sis-08.png (PNG copy)> <./images/basis-giraffe-basis-09.png (PNG copy)> <./imag
es/basis-giraffe-basis-10.png (PNG copy)> <./images/basis-giraffe-basis-11.png 
(PNG copy)> <./images/basis-giraffe-basis-12.png (PNG copy)> <./images/basis-gi
raffe-basis-13.png (PNG copy)> <./images/basis-giraffe-basis-14.png (PNG copy)>
 <./images/basis-giraffe-basis-15.png (PNG copy)> <./images/basis-giraffe-basis
-16.png (PNG copy)> <./images/basis-giraffe-response-01.png (PNG copy)> <./imag
es/basis-giraffe-response-02.png (PNG copy)> <./images/basis-giraffe-response-0
3.png (PNG copy)> <./images/basis-giraffe-response-04.png (PNG copy)> <./images
/basis-giraffe-response-05.png (PNG copy)> <./images/basis-giraffe-response-06.
png (PNG copy)> <./images/basis-giraffe-response-07.png (PNG copy)> <./images/b
asis-giraffe-response-08.png (PNG copy)> <./images/basis-giraffe-response-09.pn
g (PNG copy)> <./images/basis-giraffe-response-10.png (PNG copy)> <./images/bas
is-giraffe-response-11.png (PNG copy)> <./images/basis-giraffe-response-12.png 
(PNG copy)> <./images/basis-giraffe-response-13.png (PNG copy)> <./images/basis
-giraffe-response-14.png (PNG copy)> <./images/basis-giraffe-response-15.png (P
NG copy)> <./images/basis-giraffe-response-16.png (PNG copy)> <./images/chart.p
ng>] (./poster_portrait.aux) ) 
Here is how much of TeX's memory you used:
 14400 strings out of 493315
 283738 string characters out of 6137904
 558251 words of memory out of 5000000
 17458 multiletter control sequences out of 15000+600000
 28379 words of font info for 56 fonts, out of 8000000 for 9000
 959 hyphenation exceptions out of 8191
 63i,23n,70p,426b,1358s stack positions out of 5000i,500n,10000p,200000b,80000s
{/usr/local/texlive/2013/texmf-dist/fonts/enc/dvi
ps/base/8r.enc}</usr/local/texlive/2013/texmf-dist/fonts/type1/public/amsfonts/
cm/cmr10.pfb></usr/local/texlive/2013/texmf-dist/fonts/type1/urw/courier/ucrr8a
.pfb></usr/local/texlive/2013/texmf-dist/fonts/type1/urw/palatino/uplb8a.pfb></
usr/local/texlive/2013/texmf-dist/fonts/type1/urw/palatino/uplr8a.pfb></usr/loc
al/texlive/2013/texmf-dist/fonts/type1/urw/palatino/uplri8a.pfb></usr/local/tex
live/2013/texmf-dist/fonts/type1/urw/times/utmr8a.pfb>
Output written on poster_portrait.pdf (1 page, 10720281 bytes).
PDF statistics:
 122 PDF objects out of 1000 (max. 8388607)
 34 compressed objects within 1 object stream
 0 named destinations out of 1000 (max. 500000)
 355 words of extra memory for PDF output out of 10000 (max. 10000000)

